
> vibe-generated-app@1.0.0 dev
> vite


  VITE v5.4.20  ready in 255 ms

  ➜  Local:   http://localhost:3000/
  ➜  Network: http://172.20.3.246:3000/
6:54:33 PM [vite] Pre-transform error: Failed to resolve import "mapbox-gl" from "src/components/MapView.jsx". Does the file exist?
6:54:34 PM [vite] Internal server error: Failed to resolve import "mapbox-gl" from "src/components/MapView.jsx". Does the file exist?
  Plugin: vite:import-analysis
  File: /home/workspace/src/components/MapView.jsx:2:21
  1  |  import { jsxDEV } from "react/jsx-dev-runtime";
  2  |  import React, { useEffect, useRef, useState, useMemo } from "react";
  3  |  import mapboxgl from "mapbox-gl";
     |                        ^
  4  |  import MapboxDraw from "@mapbox/mapbox-gl-draw";
  5  |  mapboxgl.accessToken = import.meta.env.VITE_MAPBOX_TOKEN || "";
      at TransformPluginContext._formatError (file:///home/workspace/node_modules/vite/dist/node/chunks/dep-D_zLpgQd.js:49258:41)
      at TransformPluginContext.error (file:///home/workspace/node_modules/vite/dist/node/chunks/dep-D_zLpgQd.js:49253:16)
      at normalizeUrl (file:///home/workspace/node_modules/vite/dist/node/chunks/dep-D_zLpgQd.js:64306:23)
      at process.processTicksAndRejections (node:internal/process/task_queues:105:5)
      at async file:///home/workspace/node_modules/vite/dist/node/chunks/dep-D_zLpgQd.js:64438:39
      at async Promise.all (index 2)
      at async TransformPluginContext.transform (file:///home/workspace/node_modules/vite/dist/node/chunks/dep-D_zLpgQd.js:64365:7)
      at async PluginContainer.transform (file:///home/workspace/node_modules/vite/dist/node/chunks/dep-D_zLpgQd.js:49099:18)
      at async loadAndTransform (file:///home/workspace/node_modules/vite/dist/node/chunks/dep-D_zLpgQd.js:51977:27)
      at async viteTransformMiddleware (file:///home/workspace/node_modules/vite/dist/node/chunks/dep-D_zLpgQd.js:62105:24)
6:54:58 PM [vite] Internal server error: Failed to resolve import "mapbox-gl" from "src/components/MapView.jsx". Does the file exist?
  Plugin: vite:import-analysis
  File: /home/workspace/src/components/MapView.jsx:2:21
  1  |  import { jsxDEV } from "react/jsx-dev-runtime";
  2  |  import React, { useEffect, useRef, useState, useMemo } from "react";
  3  |  import mapboxgl from "mapbox-gl";
     |                        ^
  4  |  import MapboxDraw from "@mapbox/mapbox-gl-draw";
  5  |  mapboxgl.accessToken = import.meta.env.VITE_MAPBOX_TOKEN || "";
      at TransformPluginContext._formatError (file:///home/workspace/node_modules/vite/dist/node/chunks/dep-D_zLpgQd.js:49258:41)
      at TransformPluginContext.error (file:///home/workspace/node_modules/vite/dist/node/chunks/dep-D_zLpgQd.js:49253:16)
      at normalizeUrl (file:///home/workspace/node_modules/vite/dist/node/chunks/dep-D_zLpgQd.js:64306:23)
      at process.processTicksAndRejections (node:internal/process/task_queues:105:5)
      at async file:///home/workspace/node_modules/vite/dist/node/chunks/dep-D_zLpgQd.js:64438:39
      at async Promise.all (index 2)
      at async TransformPluginContext.transform (file:///home/workspace/node_modules/vite/dist/node/chunks/dep-D_zLpgQd.js:64365:7)
      at async PluginContainer.transform (file:///home/workspace/node_modules/vite/dist/node/chunks/dep-D_zLpgQd.js:49099:18)
      at async loadAndTransform (file:///home/workspace/node_modules/vite/dist/node/chunks/dep-D_zLpgQd.js:51977:27)
      at async viteTransformMiddleware (file:///home/workspace/node_modules/vite/dist/node/chunks/dep-D_zLpgQd.js:62105:24)
6:55:49 PM [vite] Internal server error: Failed to resolve import "mapbox-gl" from "src/components/MapView.jsx". Does the file exist?
  Plugin: vite:import-analysis
  File: /home/workspace/src/components/MapView.jsx:2:21
  1  |  import { jsxDEV } from "react/jsx-dev-runtime";
  2  |  import React, { useEffect, useRef, useState, useMemo } from "react";
  3  |  import mapboxgl from "mapbox-gl";
     |                        ^
  4  |  import MapboxDraw from "@mapbox/mapbox-gl-draw";
  5  |  mapboxgl.accessToken = import.meta.env.VITE_MAPBOX_TOKEN || "";
      at TransformPluginContext._formatError (file:///home/workspace/node_modules/vite/dist/node/chunks/dep-D_zLpgQd.js:49258:41)
      at TransformPluginContext.error (file:///home/workspace/node_modules/vite/dist/node/chunks/dep-D_zLpgQd.js:49253:16)
      at normalizeUrl (file:///home/workspace/node_modules/vite/dist/node/chunks/dep-D_zLpgQd.js:64306:23)
      at process.processTicksAndRejections (node:internal/process/task_queues:105:5)
      at async file:///home/workspace/node_modules/vite/dist/node/chunks/dep-D_zLpgQd.js:64438:39
      at async Promise.all (index 2)
      at async TransformPluginContext.transform (file:///home/workspace/node_modules/vite/dist/node/chunks/dep-D_zLpgQd.js:64365:7)
      at async PluginContainer.transform (file:///home/workspace/node_modules/vite/dist/node/chunks/dep-D_zLpgQd.js:49099:18)
      at async loadAndTransform (file:///home/workspace/node_modules/vite/dist/node/chunks/dep-D_zLpgQd.js:51977:27)
      at async viteTransformMiddleware (file:///home/workspace/node_modules/vite/dist/node/chunks/dep-D_zLpgQd.js:62105:24)
